<?xml version="1.0" encoding="UTF-8"?>
<!-- Generated by org.testng.reporters.JUnitReportReporter -->
<testsuite hostname="RUTS" failures="0" tests="10" name="harmanAudio.Infinity" time="269.671" errors="0" timestamp="2022-04-26T23:50:58 IST" skipped="0">
  <testcase classname="harmanAudio.Infinity" name="Smoketesting" time="45.539"/>
  <system-out/>
  <testcase classname="harmanAudio.Infinity" name="module1_PROFESSIONAL_mousehover" time="15.930"/>
  <system-out/>
  <testcase classname="harmanAudio.Infinity" name="module2_BRANDS" time="18.212"/>
  <system-out/>
  <testcase classname="harmanAudio.Infinity" name="module3_FEATURED" time="9.862"/>
  <system-out/>
  <testcase classname="harmanAudio.Infinity" name="module4_SearchBar" time="12.436"/>
  <system-out/>
  <testcase classname="harmanAudio.Infinity" name="module5_SHOPPING_CART" time="25.874"/>
  <system-out/>
  <testcase classname="harmanAudio.Infinity" name="module6_Addresses" time="33.297"/>
  <system-out/>
  <testcase classname="harmanAudio.Infinity" name="module7_Service_Center" time="36.140"/>
  <system-out/>
  <testcase classname="harmanAudio.Infinity" name="Logout" time="9.130"/>
  <system-out/>
  <testcase classname="harmanAudio.Infinity" name="module8_Other_Country_Social_Media" time="63.251"/>
  <system-out/>
</testsuite> <!-- harmanAudio.Infinity -->
